<?xml version="1.0" encoding="UTF-8"?>
<!-- Generated by org.testng.reporters.JUnitReportReporter -->
<testsuite hostname="Users-MacBook-Pro-2.local" failures="0" tests="10" name="DDT.LoginTestWithExcelData" time="223.823" errors="0" timestamp="2022-06-15T11:40:08 BDT" skipped="0">
  <testcase classname="DDT.LoginTestWithExcelData" name="loginToSAM" time="12.812"/>
  <system-out/>
  <testcase classname="DDT.LoginTestWithExcelData" name="loginToSAM" time="36.288"/>
  <system-out/>
  <testcase classname="DDT.LoginTestWithExcelData" name="loginToSAM" time="19.260"/>
  <system-out/>
  <testcase classname="DDT.LoginTestWithExcelData" name="loginToSAM" time="21.510"/>
  <system-out/>
  <testcase classname="DDT.LoginTestWithExcelData" name="loginToSAM" time="25.178"/>
  <system-out/>
  <testcase classname="DDT.LoginTestWithExcelData" name="loginToSAM" time="15.167"/>
  <system-out/>
  <testcase classname="DDT.LoginTestWithExcelData" name="loginToSAM" time="37.932"/>
  <system-out/>
  <testcase classname="DDT.LoginTestWithExcelData" name="loginToSAM" time="23.254"/>
  <system-out/>
  <testcase classname="DDT.LoginTestWithExcelData" name="loginToSAM" time="21.150"/>
  <system-out/>
  <testcase classname="DDT.LoginTestWithExcelData" name="loginToSAM" time="11.272"/>
  <system-out/>
</testsuite> <!-- DDT.LoginTestWithExcelData -->
