<?xml version="1.0" encoding="UTF-8"?>
<!-- Generated by org.testng.reporters.JUnitReportReporter -->
<testsuite hostname="Users-MacBook-Pro-2.local" failures="0" tests="2" name="DDT.LoginTest" time="29.254" errors="0" timestamp="2022-06-14T14:24:51 BDT" skipped="0">
  <testcase classname="DDT.LoginTest" name="loginToSAM" time="9.902"/>
  <system-out/>
  <testcase classname="DDT.LoginTest" name="loginToSAM" time="19.352"/>
  <system-out/>
</testsuite> <!-- DDT.LoginTest -->
